<?xml version="1.0" encoding="UTF-8"?>
<!-- Generated by org.testng.reporters.JUnitReportReporter -->
<testsuite skipped="0" hostname="DESKTOP-GK61F68" name="com.rmgyantra.practice.GetAllProjectTest" tests="1" failures="0" timestamp="2021-05-11T13:41:26 IST" time="3.382" errors="0">
  <testcase name="getAllProjectTest" time="3.382" classname="com.rmgyantra.practice.GetAllProjectTest"/>
  <system-out/>
</testsuite> <!-- com.rmgyantra.practice.GetAllProjectTest -->
