<?xml version="1.0" encoding="UTF-8"?>
<!-- Generated by org.testng.reporters.JUnitReportReporter -->
<testsuite skipped="0" hostname="DESKTOP-GK61F68" name="com.rmgyantra.practice.UpdateProjectTest" tests="1" failures="0" timestamp="2021-05-11T16:31:01 IST" time="3.717" errors="0">
  <testcase name="updateProjectTest" time="3.717" classname="com.rmgyantra.practice.UpdateProjectTest"/>
  <system-out/>
</testsuite> <!-- com.rmgyantra.practice.UpdateProjectTest -->
