<?xml version="1.0" encoding="UTF-8"?>
<!-- Generated by org.testng.reporters.JUnitReportReporter -->
<testsuite skipped="0" hostname="DESKTOP-GK61F68" name="com.rmgyantra.practice.GetSingleProjectTest" tests="1" failures="0" timestamp="2021-05-11T16:18:00 IST" time="0.013" errors="0">
  <testcase name="test" time="0.013" classname="com.rmgyantra.practice.GetSingleProjectTest"/>
  <system-out/>
</testsuite> <!-- com.rmgyantra.practice.GetSingleProjectTest -->
