<?xml version="1.0" encoding="UTF-8"?>
<!-- Generated by org.testng.reporters.JUnitReportReporter -->
<testsuite skipped="0" hostname="DESKTOP-GK61F68" name="com.rmgyantra.practice.CreateProjectUsingHashMapTest" tests="1" failures="0" timestamp="2021-05-11T15:24:39 IST" time="3.036" errors="0">
  <testcase name="createProjectTest" time="3.036" classname="com.rmgyantra.practice.CreateProjectUsingHashMapTest"/>
  <system-out/>
</testsuite> <!-- com.rmgyantra.practice.CreateProjectUsingHashMapTest -->
