<?xml version="1.0" encoding="UTF-8"?>
<!-- Generated by org.testng.reporters.JUnitReportReporter -->
<testsuite skipped="0" hostname="DESKTOP-GK61F68" name="com.rmgyantra.practice.CreateProjectTest" tests="1" failures="0" timestamp="2021-05-11T15:12:36 IST" time="3.214" errors="0">
  <testcase name="createProjectTest" time="3.214" classname="com.rmgyantra.practice.CreateProjectTest"/>
  <system-out/>
</testsuite> <!-- com.rmgyantra.practice.CreateProjectTest -->
