<?xml version="1.0" encoding="UTF-8"?>
<!-- Generated by org.testng.reporters.JUnitReportReporter -->
<testsuite skipped="0" hostname="DESKTOP-GK61F68" name="com.rmgyantra.practice.DeleteProjectTest" tests="1" failures="0" timestamp="2021-05-11T16:41:20 IST" time="3.355" errors="0">
  <testcase name="deleteProjectTest" time="3.355" classname="com.rmgyantra.practice.DeleteProjectTest"/>
  <system-out/>
</testsuite> <!-- com.rmgyantra.practice.DeleteProjectTest -->
