<?xml version="1.0" encoding="UTF-8"?>
<!-- Generated by org.testng.reporters.JUnitReportReporter -->
<testsuite skipped="0" hostname="DESKTOP-GK61F68" name="com.rmgyantra.practice.CreateProjectUsingJsonFile" tests="1" failures="0" timestamp="2021-05-11T15:41:28 IST" time="3.607" errors="0">
  <testcase name="createProjectTest" time="3.607" classname="com.rmgyantra.practice.CreateProjectUsingJsonFile"/>
  <system-out/>
</testsuite> <!-- com.rmgyantra.practice.CreateProjectUsingJsonFile -->
